This file contains any messages produced by compilers while
running configure, to aid debugging if configure makes a mistake.

It was created by libscottgs configure 0.0.0, which was
generated by GNU Autoconf 2.69.  Invocation command line was

  $ ./configure 

## --------- ##
## Platform. ##
## --------- ##

hostname = Christinas-MacBook-Pro.local
uname -m = x86_64
uname -r = 15.0.0
uname -s = Darwin
uname -v = Darwin Kernel Version 15.0.0: Wed Aug 26 19:41:34 PDT 2015; root:xnu-3247.1.106~5/RELEASE_X86_64

/usr/bin/uname -p = i386
/bin/uname -X     = unknown

/bin/arch              = unknown
/usr/bin/arch -k       = unknown
/usr/convex/getsysinfo = unknown
/usr/bin/hostinfo      = Mach kernel version:
	 Darwin Kernel Version 15.0.0: Wed Aug 26 19:41:34 PDT 2015; root:xnu-3247.1.106~5/RELEASE_X86_64
Kernel configured for up to 4 processors.
2 processors are physically available.
4 processors are logically available.
Processor type: i486 (Intel 80486)
Processors active: 0 1 2 3
Primary memory available: 4.00 gigabytes
Default processor set: 216 tasks, 1113 threads, 4 processors
Load average: 1.53, Mach factor: 2.48
/bin/machine           = unknown
/usr/bin/oslevel       = unknown
/bin/universe          = unknown

PATH: //anaconda/bin
PATH: /Library/Frameworks/Python.framework/Versions/3.5/bin
PATH: /usr/local/bin
PATH: /usr/bin
PATH: /bin
PATH: /usr/sbin
PATH: /sbin
PATH: /opt/X11/bin
PATH: /Library/TeX/texbin


## ----------- ##
## Core tests. ##
## ----------- ##

configure:2394: checking for a BSD-compatible install
configure:2462: result: /usr/bin/install -c
configure:2473: checking whether build environment is sane
configure:2528: result: yes
configure:2679: checking for a thread-safe mkdir -p
configure:2718: result: config/install-sh -c -d
configure:2725: checking for gawk
configure:2755: result: no
configure:2725: checking for mawk
configure:2755: result: no
configure:2725: checking for nawk
configure:2755: result: no
configure:2725: checking for awk
configure:2741: found /usr/bin/awk
configure:2752: result: awk
configure:2763: checking whether make sets $(MAKE)
configure:2785: result: yes
configure:2814: checking whether make supports nested variables
configure:2831: result: yes
configure:3007: checking for gcc
configure:3023: found /usr/bin/gcc
configure:3034: result: gcc
configure:3263: checking for C compiler version
configure:3272: gcc --version >&5
Apple LLVM version 7.3.0 (clang-703.0.29)
Target: x86_64-apple-darwin15.0.0
Thread model: posix
InstalledDir: /Applications/Xcode.app/Contents/Developer/Toolchains/XcodeDefault.xctoolchain/usr/bin
Configured with: --prefix=/Applications/Xcode.app/Contents/Developer/usr --with-gxx-include-dir=/usr/include/c++/4.2.1
configure:3283: $? = 0
configure:3272: gcc -v >&5
Configured with: --prefix=/Applications/Xcode.app/Contents/Developer/usr --with-gxx-include-dir=/usr/include/c++/4.2.1
Apple LLVM version 7.3.0 (clang-703.0.29)
Target: x86_64-apple-darwin15.0.0
Thread model: posix
InstalledDir: /Applications/Xcode.app/Contents/Developer/Toolchains/XcodeDefault.xctoolchain/usr/bin
configure:3283: $? = 0
configure:3272: gcc -V >&5
clang: error: argument to '-V' is missing (expected 1 value)
clang: error: no input files
configure:3283: $? = 1
configure:3272: gcc -qversion >&5
clang: error: unknown argument: '-qversion'
clang: error: no input files
configure:3283: $? = 1
configure:3303: checking whether the C compiler works
configure:3325: gcc    conftest.c  >&5
configure:3329: $? = 0
configure:3377: result: yes
configure:3380: checking for C compiler default output file name
configure:3382: result: a.out
configure:3388: checking for suffix of executables
configure:3395: gcc -o conftest    conftest.c  >&5
configure:3399: $? = 0
configure:3421: result: 
configure:3443: checking whether we are cross compiling
configure:3451: gcc -o conftest    conftest.c  >&5
configure:3455: $? = 0
configure:3462: ./conftest
configure:3466: $? = 0
configure:3481: result: no
configure:3486: checking for suffix of object files
configure:3508: gcc -c   conftest.c >&5
configure:3512: $? = 0
configure:3533: result: o
configure:3537: checking whether we are using the GNU C compiler
configure:3556: gcc -c   conftest.c >&5
configure:3556: $? = 0
configure:3565: result: yes
configure:3574: checking whether gcc accepts -g
configure:3594: gcc -c -g  conftest.c >&5
configure:3594: $? = 0
configure:3635: result: yes
configure:3652: checking for gcc option to accept ISO C89
configure:3715: gcc  -c -g -O2  conftest.c >&5
configure:3715: $? = 0
configure:3728: result: none needed
configure:3753: checking whether gcc understands -c and -o together
configure:3775: gcc -c conftest.c -o conftest2.o
configure:3778: $? = 0
configure:3775: gcc -c conftest.c -o conftest2.o
configure:3778: $? = 0
configure:3790: result: yes
configure:3818: checking for style of include used by make
configure:3846: result: GNU
configure:3872: checking dependency style of gcc
configure:3983: result: gcc3
configure:4003: checking how to run the C preprocessor
configure:4034: gcc -E  conftest.c
configure:4034: $? = 0
configure:4048: gcc -E  conftest.c
conftest.c:11:10: fatal error: 'ac_nonexistent.h' file not found
#include <ac_nonexistent.h>
         ^
1 error generated.
configure:4048: $? = 1
configure: failed program was:
| /* confdefs.h */
| #define PACKAGE_NAME "libscottgs"
| #define PACKAGE_TARNAME "libscottgs"
| #define PACKAGE_VERSION "0.0.0"
| #define PACKAGE_STRING "libscottgs 0.0.0"
| #define PACKAGE_BUGREPORT "GrantScott@missouri.edu"
| #define PACKAGE_URL ""
| #define PACKAGE "libscottgs"
| #define VERSION "0.0.0"
| /* end confdefs.h.  */
| #include <ac_nonexistent.h>
configure:4073: result: gcc -E
configure:4093: gcc -E  conftest.c
configure:4093: $? = 0
configure:4107: gcc -E  conftest.c
conftest.c:11:10: fatal error: 'ac_nonexistent.h' file not found
#include <ac_nonexistent.h>
         ^
1 error generated.
configure:4107: $? = 1
configure: failed program was:
| /* confdefs.h */
| #define PACKAGE_NAME "libscottgs"
| #define PACKAGE_TARNAME "libscottgs"
| #define PACKAGE_VERSION "0.0.0"
| #define PACKAGE_STRING "libscottgs 0.0.0"
| #define PACKAGE_BUGREPORT "GrantScott@missouri.edu"
| #define PACKAGE_URL ""
| #define PACKAGE "libscottgs"
| #define VERSION "0.0.0"
| /* end confdefs.h.  */
| #include <ac_nonexistent.h>
configure:4193: checking for g++
configure:4209: found /usr/bin/g++
configure:4220: result: g++
configure:4247: checking for C++ compiler version
configure:4256: g++ --version >&5
Apple LLVM version 7.3.0 (clang-703.0.29)
Target: x86_64-apple-darwin15.0.0
Thread model: posix
InstalledDir: /Applications/Xcode.app/Contents/Developer/Toolchains/XcodeDefault.xctoolchain/usr/bin
Configured with: --prefix=/Applications/Xcode.app/Contents/Developer/usr --with-gxx-include-dir=/usr/include/c++/4.2.1
configure:4267: $? = 0
configure:4256: g++ -v >&5
Configured with: --prefix=/Applications/Xcode.app/Contents/Developer/usr --with-gxx-include-dir=/usr/include/c++/4.2.1
Apple LLVM version 7.3.0 (clang-703.0.29)
Target: x86_64-apple-darwin15.0.0
Thread model: posix
InstalledDir: /Applications/Xcode.app/Contents/Developer/Toolchains/XcodeDefault.xctoolchain/usr/bin
configure:4267: $? = 0
configure:4256: g++ -V >&5
clang: error: argument to '-V' is missing (expected 1 value)
clang: error: no input files
configure:4267: $? = 1
configure:4256: g++ -qversion >&5
clang: error: unknown argument: '-qversion'
clang: error: no input files
configure:4267: $? = 1
configure:4271: checking whether we are using the GNU C++ compiler
configure:4290: g++ -c   conftest.cpp >&5
configure:4290: $? = 0
configure:4299: result: yes
configure:4308: checking whether g++ accepts -g
configure:4328: g++ -c -g  conftest.cpp >&5
configure:4328: $? = 0
configure:4369: result: yes
configure:4394: checking dependency style of g++
configure:4505: result: gcc3
configure:4550: checking build system type
configure:4564: result: x86_64-apple-darwin15.0.0
configure:4584: checking host system type
configure:4597: result: x86_64-apple-darwin15.0.0
configure:4638: checking how to print strings
configure:4665: result: printf
configure:4686: checking for a sed that does not truncate output
configure:4750: result: /usr/bin/sed
configure:4768: checking for grep that handles long lines and -e
configure:4826: result: /usr/bin/grep
configure:4831: checking for egrep
configure:4893: result: /usr/bin/grep -E
configure:4898: checking for fgrep
configure:4960: result: /usr/bin/grep -F
configure:4995: checking for ld used by gcc
configure:5062: result: /Applications/Xcode.app/Contents/Developer/Toolchains/XcodeDefault.xctoolchain/usr/bin/ld
configure:5069: checking if the linker (/Applications/Xcode.app/Contents/Developer/Toolchains/XcodeDefault.xctoolchain/usr/bin/ld) is GNU ld
configure:5084: result: no
configure:5096: checking for BSD- or MS-compatible name lister (nm)
configure:5150: result: /usr/bin/nm -B
configure:5280: checking the name lister (/usr/bin/nm -B) interface
configure:5287: gcc -c -g -O2  conftest.c >&5
configure:5290: /usr/bin/nm -B "conftest.o"
configure:5293: output
00000000000001fc S _some_variable
configure:5300: result: BSD nm
configure:5303: checking whether ln -s works
configure:5307: result: yes
configure:5315: checking the maximum length of command line arguments
configure:5446: result: 196608
configure:5494: checking how to convert x86_64-apple-darwin15.0.0 file names to x86_64-apple-darwin15.0.0 format
configure:5534: result: func_convert_file_noop
configure:5541: checking how to convert x86_64-apple-darwin15.0.0 file names to toolchain format
configure:5561: result: func_convert_file_noop
configure:5568: checking for /Applications/Xcode.app/Contents/Developer/Toolchains/XcodeDefault.xctoolchain/usr/bin/ld option to reload object files
configure:5575: result: -r
configure:5649: checking for objdump
configure:5679: result: no
configure:5708: checking how to recognize dependent libraries
configure:5908: result: pass_all
configure:5993: checking for dlltool
configure:6023: result: no
configure:6053: checking how to associate runtime and link libraries
configure:6080: result: printf %s\n
configure:6141: checking for ar
configure:6157: found /usr/bin/ar
configure:6168: result: ar
configure:6205: checking for archiver @FILE support
configure:6222: gcc -c -g -O2  conftest.c >&5
configure:6222: $? = 0
configure:6225: ar cru libconftest.a @conftest.lst >&5
ar: @conftest.lst: No such file or directory
configure:6228: $? = 1
configure:6248: result: no
configure:6306: checking for strip
configure:6322: found /usr/bin/strip
configure:6333: result: strip
configure:6405: checking for ranlib
configure:6421: found /usr/bin/ranlib
configure:6432: result: ranlib
configure:6534: checking command to parse /usr/bin/nm -B output from gcc object
configure:6687: gcc -c -g -O2  conftest.c >&5
configure:6690: $? = 0
configure:6694: /usr/bin/nm -B conftest.o \| sed -n -e 's/^.*[ ]\([BCDEGRST][BCDEGRST]*\)[ ][ ]*\([_A-Za-z][_A-Za-z0-9]*\)$/\1 \2 \2/p' | sed '/ __gnu_lto/d' \> conftest.nm
configure:6697: $? = 0
cannot find nm_test_var in conftest.nm
configure:6687: gcc -c -g -O2  conftest.c >&5
configure:6690: $? = 0
configure:6694: /usr/bin/nm -B conftest.o \| sed -n -e 's/^.*[ ]\([BCDEGRST][BCDEGRST]*\)[ ][ ]*_\([_A-Za-z][_A-Za-z0-9]*\)$/\1 _\2 \2/p' | sed '/ __gnu_lto/d' \> conftest.nm
configure:6697: $? = 0
configure:6763: gcc -o conftest -g -O2   conftest.c conftstm.o >&5
warning: (x86_64)  could not find object file symbol for symbol _main
configure:6766: $? = 0
configure:6804: result: ok
configure:6851: checking for sysroot
configure:6881: result: no
configure:6888: checking for a working dd
configure:6926: result: /bin/dd
configure:6930: checking how to truncate binary pipes
configure:6945: result: /bin/dd bs=4096 count=1
configure:7274: checking for mt
configure:7304: result: no
configure:7324: checking if : is a manifest tool
configure:7330: : '-?'
configure:7338: result: no
configure:7394: checking for dsymutil
configure:7410: found /usr/bin/dsymutil
configure:7421: result: dsymutil
configure:7486: checking for nmedit
configure:7502: found /usr/bin/nmedit
configure:7513: result: nmedit
configure:7578: checking for lipo
configure:7594: found /usr/bin/lipo
configure:7605: result: lipo
configure:7670: checking for otool
configure:7686: found /usr/bin/otool
configure:7697: result: otool
configure:7762: checking for otool64
configure:7792: result: no
configure:7837: checking for -single_module linker flag
gcc -g -O2  -o libconftest.dylib -dynamiclib -Wl,-single_module conftest.c
configure:7870: result: yes
configure:7873: checking for -exported_symbols_list linker flag
configure:7893: gcc -o conftest -g -O2   -Wl,-exported_symbols_list,conftest.sym conftest.c  >&5
configure:7893: $? = 0
configure:7903: result: yes
configure:7906: checking for -force_load linker flag
gcc -g -O2 -c -o conftest.o conftest.c
ar cru libconftest.a conftest.o
ranlib libconftest.a
gcc -g -O2  -o conftest conftest.c -Wl,-force_load,./libconftest.a
configure:7938: result: yes
configure:8011: checking for ANSI C header files
configure:8031: gcc -c -g -O2  conftest.c >&5
configure:8031: $? = 0
configure:8104: gcc -o conftest -g -O2   conftest.c  >&5
configure:8104: $? = 0
configure:8104: ./conftest
configure:8104: $? = 0
configure:8115: result: yes
configure:8128: checking for sys/types.h
configure:8128: gcc -c -g -O2  conftest.c >&5
configure:8128: $? = 0
configure:8128: result: yes
configure:8128: checking for sys/stat.h
configure:8128: gcc -c -g -O2  conftest.c >&5
configure:8128: $? = 0
configure:8128: result: yes
configure:8128: checking for stdlib.h
configure:8128: gcc -c -g -O2  conftest.c >&5
configure:8128: $? = 0
configure:8128: result: yes
configure:8128: checking for string.h
configure:8128: gcc -c -g -O2  conftest.c >&5
configure:8128: $? = 0
configure:8128: result: yes
configure:8128: checking for memory.h
configure:8128: gcc -c -g -O2  conftest.c >&5
configure:8128: $? = 0
configure:8128: result: yes
configure:8128: checking for strings.h
configure:8128: gcc -c -g -O2  conftest.c >&5
configure:8128: $? = 0
configure:8128: result: yes
configure:8128: checking for inttypes.h
configure:8128: gcc -c -g -O2  conftest.c >&5
configure:8128: $? = 0
configure:8128: result: yes
configure:8128: checking for stdint.h
configure:8128: gcc -c -g -O2  conftest.c >&5
configure:8128: $? = 0
configure:8128: result: yes
configure:8128: checking for unistd.h
configure:8128: gcc -c -g -O2  conftest.c >&5
configure:8128: $? = 0
configure:8128: result: yes
configure:8142: checking for dlfcn.h
configure:8142: gcc -c -g -O2  conftest.c >&5
configure:8142: $? = 0
configure:8142: result: yes
configure:8409: checking for objdir
configure:8424: result: .libs
configure:8684: checking if gcc supports -fno-rtti -fno-exceptions
configure:8702: gcc -c -g -O2  -fno-rtti -fno-exceptions conftest.c >&5
configure:8706: $? = 0
configure:8719: result: yes
configure:9077: checking for gcc option to produce PIC
configure:9084: result: -fno-common -DPIC
configure:9092: checking if gcc PIC flag -fno-common -DPIC works
configure:9110: gcc -c -g -O2  -fno-common -DPIC -DPIC conftest.c >&5
configure:9114: $? = 0
configure:9127: result: yes
configure:9156: checking if gcc static flag -static works
configure:9184: result: no
configure:9199: checking if gcc supports -c -o file.o
configure:9220: gcc -c -g -O2  -o out/conftest2.o conftest.c >&5
configure:9224: $? = 0
configure:9246: result: yes
configure:9254: checking if gcc supports -c -o file.o
configure:9301: result: yes
configure:9334: checking whether the gcc linker (/Applications/Xcode.app/Contents/Developer/Toolchains/XcodeDefault.xctoolchain/usr/bin/ld) supports shared libraries
configure:10593: result: yes
configure:10833: checking dynamic linker characteristics
configure:11651: result: darwin15.0.0 dyld
configure:11773: checking how to hardcode library paths into programs
configure:11798: result: immediate
configure:12346: checking whether stripping libraries is possible
configure:12360: result: yes
configure:12386: checking if libtool supports shared libraries
configure:12388: result: yes
configure:12391: checking whether to build shared libraries
configure:12416: result: yes
configure:12419: checking whether to build static libraries
configure:12423: result: yes
configure:12446: checking how to run the C++ preprocessor
configure:12473: g++ -E  conftest.cpp
configure:12473: $? = 0
configure:12487: g++ -E  conftest.cpp
conftest.cpp:23:10: fatal error: 'ac_nonexistent.h' file not found
#include <ac_nonexistent.h>
         ^
1 error generated.
configure:12487: $? = 1
configure: failed program was:
| /* confdefs.h */
| #define PACKAGE_NAME "libscottgs"
| #define PACKAGE_TARNAME "libscottgs"
| #define PACKAGE_VERSION "0.0.0"
| #define PACKAGE_STRING "libscottgs 0.0.0"
| #define PACKAGE_BUGREPORT "GrantScott@missouri.edu"
| #define PACKAGE_URL ""
| #define PACKAGE "libscottgs"
| #define VERSION "0.0.0"
| #define STDC_HEADERS 1
| #define HAVE_SYS_TYPES_H 1
| #define HAVE_SYS_STAT_H 1
| #define HAVE_STDLIB_H 1
| #define HAVE_STRING_H 1
| #define HAVE_MEMORY_H 1
| #define HAVE_STRINGS_H 1
| #define HAVE_INTTYPES_H 1
| #define HAVE_STDINT_H 1
| #define HAVE_UNISTD_H 1
| #define HAVE_DLFCN_H 1
| #define LT_OBJDIR ".libs/"
| /* end confdefs.h.  */
| #include <ac_nonexistent.h>
configure:12512: result: g++ -E
configure:12532: g++ -E  conftest.cpp
configure:12532: $? = 0
configure:12546: g++ -E  conftest.cpp
conftest.cpp:23:10: fatal error: 'ac_nonexistent.h' file not found
#include <ac_nonexistent.h>
         ^
1 error generated.
configure:12546: $? = 1
configure: failed program was:
| /* confdefs.h */
| #define PACKAGE_NAME "libscottgs"
| #define PACKAGE_TARNAME "libscottgs"
| #define PACKAGE_VERSION "0.0.0"
| #define PACKAGE_STRING "libscottgs 0.0.0"
| #define PACKAGE_BUGREPORT "GrantScott@missouri.edu"
| #define PACKAGE_URL ""
| #define PACKAGE "libscottgs"
| #define VERSION "0.0.0"
| #define STDC_HEADERS 1
| #define HAVE_SYS_TYPES_H 1
| #define HAVE_SYS_STAT_H 1
| #define HAVE_STDLIB_H 1
| #define HAVE_STRING_H 1
| #define HAVE_MEMORY_H 1
| #define HAVE_STRINGS_H 1
| #define HAVE_INTTYPES_H 1
| #define HAVE_STDINT_H 1
| #define HAVE_UNISTD_H 1
| #define HAVE_DLFCN_H 1
| #define LT_OBJDIR ".libs/"
| /* end confdefs.h.  */
| #include <ac_nonexistent.h>
configure:12708: checking for ld used by g++
configure:12775: result: /Applications/Xcode.app/Contents/Developer/Toolchains/XcodeDefault.xctoolchain/usr/bin/ld
configure:12782: checking if the linker (/Applications/Xcode.app/Contents/Developer/Toolchains/XcodeDefault.xctoolchain/usr/bin/ld) is GNU ld
configure:12797: result: no
configure:12852: checking whether the g++ linker (/Applications/Xcode.app/Contents/Developer/Toolchains/XcodeDefault.xctoolchain/usr/bin/ld) supports shared libraries
configure:13925: result: yes
configure:13961: g++ -c -g -O2  conftest.cpp >&5
configure:13964: $? = 0
configure:14445: checking for g++ option to produce PIC
configure:14452: result: -fno-common -DPIC
configure:14460: checking if g++ PIC flag -fno-common -DPIC works
configure:14478: g++ -c -g -O2  -fno-common -DPIC -DPIC conftest.cpp >&5
configure:14482: $? = 0
configure:14495: result: yes
configure:14518: checking if g++ static flag -static works
configure:14546: result: no
configure:14558: checking if g++ supports -c -o file.o
configure:14579: g++ -c -g -O2  -o out/conftest2.o conftest.cpp >&5
configure:14583: $? = 0
configure:14605: result: yes
configure:14610: checking if g++ supports -c -o file.o
configure:14657: result: yes
configure:14687: checking whether the g++ linker (/Applications/Xcode.app/Contents/Developer/Toolchains/XcodeDefault.xctoolchain/usr/bin/ld) supports shared libraries
configure:14727: result: yes
configure:14868: checking dynamic linker characteristics
configure:15613: result: darwin15.0.0 dyld
configure:15678: checking how to hardcode library paths into programs
configure:15703: result: immediate
configure:15764: checking whether ln -s works
configure:15768: result: yes
configure:15775: checking whether make sets $(MAKE)
configure:15797: result: yes
configure:15815: checking boost/filesystem.hpp usability
configure:15815: g++ -c -g -O2  conftest.cpp >&5
configure:15815: $? = 0
configure:15815: result: yes
configure:15815: checking boost/filesystem.hpp presence
configure:15815: g++ -E  conftest.cpp
configure:15815: $? = 0
configure:15815: result: yes
configure:15815: checking for boost/filesystem.hpp
configure:15815: result: yes
configure:15823: checking boost/iterator/iterator_facade.hpp usability
configure:15823: g++ -c -g -O2  conftest.cpp >&5
configure:15823: $? = 0
configure:15823: result: yes
configure:15823: checking boost/iterator/iterator_facade.hpp presence
configure:15823: g++ -E  conftest.cpp
configure:15823: $? = 0
configure:15823: result: yes
configure:15823: checking for boost/iterator/iterator_facade.hpp
configure:15823: result: yes
configure:15831: checking boost/mpl/if.hpp usability
configure:15831: g++ -c -g -O2  conftest.cpp >&5
configure:15831: $? = 0
configure:15831: result: yes
configure:15831: checking boost/mpl/if.hpp presence
configure:15831: g++ -E  conftest.cpp
configure:15831: $? = 0
configure:15831: result: yes
configure:15831: checking for boost/mpl/if.hpp
configure:15831: result: yes
configure:15839: checking boost/numeric/ublas/matrix.hpp usability
configure:15839: g++ -c -g -O2  conftest.cpp >&5
configure:15839: $? = 0
configure:15839: result: yes
configure:15839: checking boost/numeric/ublas/matrix.hpp presence
configure:15839: g++ -E  conftest.cpp
configure:15839: $? = 0
configure:15839: result: yes
configure:15839: checking for boost/numeric/ublas/matrix.hpp
configure:15839: result: yes
configure:15847: checking boost/numeric/ublas/matrix_proxy.hpp usability
configure:15847: g++ -c -g -O2  conftest.cpp >&5
configure:15847: $? = 0
configure:15847: result: yes
configure:15847: checking boost/numeric/ublas/matrix_proxy.hpp presence
configure:15847: g++ -E  conftest.cpp
configure:15847: $? = 0
configure:15847: result: yes
configure:15847: checking for boost/numeric/ublas/matrix_proxy.hpp
configure:15847: result: yes
configure:15855: checking boost/regex.hpp usability
configure:15855: g++ -c -g -O2  conftest.cpp >&5
configure:15855: $? = 0
configure:15855: result: yes
configure:15855: checking boost/regex.hpp presence
configure:15855: g++ -E  conftest.cpp
configure:15855: $? = 0
configure:15855: result: yes
configure:15855: checking for boost/regex.hpp
configure:15855: result: yes
configure:15863: checking boost/type_traits/is_const.hpp usability
configure:15863: g++ -c -g -O2  conftest.cpp >&5
configure:15863: $? = 0
configure:15863: result: yes
configure:15863: checking boost/type_traits/is_const.hpp presence
configure:15863: g++ -E  conftest.cpp
configure:15863: $? = 0
configure:15863: result: yes
configure:15863: checking for boost/type_traits/is_const.hpp
configure:15863: result: yes
configure:15871: checking boost/utility.hpp usability
configure:15871: g++ -c -g -O2  conftest.cpp >&5
configure:15871: $? = 0
configure:15871: result: yes
configure:15871: checking boost/utility.hpp presence
configure:15871: g++ -E  conftest.cpp
configure:15871: $? = 0
configure:15871: result: yes
configure:15871: checking for boost/utility.hpp
configure:15871: result: yes
configure:15880: checking for main in -lboost_filesystem-mt
configure:15899: g++ -o conftest -g -O2   conftest.cpp -lboost_filesystem-mt   >&5
configure:15899: $? = 0
configure:15908: result: yes
configure:15921: checking for main in -lboost_regex-mt
configure:15940: g++ -o conftest -g -O2   conftest.cpp -lboost_regex-mt  -lboost_filesystem-mt  >&5
configure:15940: $? = 0
configure:15949: result: yes
configure:16114: checking that generated files are newer than configure
configure:16120: result: done
configure:16147: creating ./config.status

## ---------------------- ##
## Running config.status. ##
## ---------------------- ##

This file was extended by libscottgs config.status 0.0.0, which was
generated by GNU Autoconf 2.69.  Invocation command line was

  CONFIG_FILES    = 
  CONFIG_HEADERS  = 
  CONFIG_LINKS    = 
  CONFIG_COMMANDS = 
  $ ./config.status 

on Christinas-MacBook-Pro.local

config.status:1069: creating Makefile
config.status:1069: creating doc/Makefile
config.status:1069: creating src/Makefile
config.status:1241: executing depfiles commands
config.status:1241: executing libtool commands

## ---------------- ##
## Cache variables. ##
## ---------------- ##

ac_cv_build=x86_64-apple-darwin15.0.0
ac_cv_c_compiler_gnu=yes
ac_cv_cxx_compiler_gnu=yes
ac_cv_env_CCC_set=
ac_cv_env_CCC_value=
ac_cv_env_CC_set=
ac_cv_env_CC_value=
ac_cv_env_CFLAGS_set=
ac_cv_env_CFLAGS_value=
ac_cv_env_CPPFLAGS_set=
ac_cv_env_CPPFLAGS_value=
ac_cv_env_CPP_set=
ac_cv_env_CPP_value=
ac_cv_env_CXXCPP_set=
ac_cv_env_CXXCPP_value=
ac_cv_env_CXXFLAGS_set=
ac_cv_env_CXXFLAGS_value=
ac_cv_env_CXX_set=
ac_cv_env_CXX_value=
ac_cv_env_LDFLAGS_set=
ac_cv_env_LDFLAGS_value=
ac_cv_env_LIBS_set=
ac_cv_env_LIBS_value=
ac_cv_env_LT_SYS_LIBRARY_PATH_set=
ac_cv_env_LT_SYS_LIBRARY_PATH_value=
ac_cv_env_build_alias_set=
ac_cv_env_build_alias_value=
ac_cv_env_host_alias_set=
ac_cv_env_host_alias_value=
ac_cv_env_target_alias_set=
ac_cv_env_target_alias_value=
ac_cv_header_boost_filesystem_hpp=yes
ac_cv_header_boost_iterator_iterator_facade_hpp=yes
ac_cv_header_boost_mpl_if_hpp=yes
ac_cv_header_boost_numeric_ublas_matrix_hpp=yes
ac_cv_header_boost_numeric_ublas_matrix_proxy_hpp=yes
ac_cv_header_boost_regex_hpp=yes
ac_cv_header_boost_type_traits_is_const_hpp=yes
ac_cv_header_boost_utility_hpp=yes
ac_cv_header_dlfcn_h=yes
ac_cv_header_inttypes_h=yes
ac_cv_header_memory_h=yes
ac_cv_header_stdc=yes
ac_cv_header_stdint_h=yes
ac_cv_header_stdlib_h=yes
ac_cv_header_string_h=yes
ac_cv_header_strings_h=yes
ac_cv_header_sys_stat_h=yes
ac_cv_header_sys_types_h=yes
ac_cv_header_unistd_h=yes
ac_cv_host=x86_64-apple-darwin15.0.0
ac_cv_lib_boost_filesystem_mt_main=yes
ac_cv_lib_boost_regex_mt_main=yes
ac_cv_objext=o
ac_cv_path_EGREP='/usr/bin/grep -E'
ac_cv_path_FGREP='/usr/bin/grep -F'
ac_cv_path_GREP=/usr/bin/grep
ac_cv_path_SED=/usr/bin/sed
ac_cv_path_install='/usr/bin/install -c'
ac_cv_path_lt_DD=/bin/dd
ac_cv_prog_AWK=awk
ac_cv_prog_CPP='gcc -E'
ac_cv_prog_CXXCPP='g++ -E'
ac_cv_prog_ac_ct_AR=ar
ac_cv_prog_ac_ct_CC=gcc
ac_cv_prog_ac_ct_CXX=g++
ac_cv_prog_ac_ct_DSYMUTIL=dsymutil
ac_cv_prog_ac_ct_LIPO=lipo
ac_cv_prog_ac_ct_NMEDIT=nmedit
ac_cv_prog_ac_ct_OTOOL=otool
ac_cv_prog_ac_ct_RANLIB=ranlib
ac_cv_prog_ac_ct_STRIP=strip
ac_cv_prog_cc_c89=
ac_cv_prog_cc_g=yes
ac_cv_prog_cxx_g=yes
ac_cv_prog_make_make_set=yes
am_cv_CC_dependencies_compiler_type=gcc3
am_cv_CXX_dependencies_compiler_type=gcc3
am_cv_make_support_nested_variables=yes
am_cv_prog_cc_c_o=yes
lt_cv_apple_cc_single_mod=yes
lt_cv_ar_at_file=no
lt_cv_deplibs_check_method=pass_all
lt_cv_file_magic_cmd='$MAGIC_CMD'
lt_cv_file_magic_test_file=
lt_cv_ld_exported_symbols_list=yes
lt_cv_ld_force_load=yes
lt_cv_ld_reload_flag=-r
lt_cv_nm_interface='BSD nm'
lt_cv_objdir=.libs
lt_cv_path_LD=/Applications/Xcode.app/Contents/Developer/Toolchains/XcodeDefault.xctoolchain/usr/bin/ld
lt_cv_path_LDCXX=/Applications/Xcode.app/Contents/Developer/Toolchains/XcodeDefault.xctoolchain/usr/bin/ld
lt_cv_path_NM='/usr/bin/nm -B'
lt_cv_path_mainfest_tool=no
lt_cv_prog_compiler_c_o=yes
lt_cv_prog_compiler_c_o_CXX=yes
lt_cv_prog_compiler_pic='-fno-common -DPIC'
lt_cv_prog_compiler_pic_CXX='-fno-common -DPIC'
lt_cv_prog_compiler_pic_works=yes
lt_cv_prog_compiler_pic_works_CXX=yes
lt_cv_prog_compiler_rtti_exceptions=yes
lt_cv_prog_compiler_static_works=no
lt_cv_prog_compiler_static_works_CXX=no
lt_cv_prog_gnu_ld=no
lt_cv_prog_gnu_ldcxx=no
lt_cv_sharedlib_from_linklib_cmd='printf %s\n'
lt_cv_sys_global_symbol_pipe='sed -n -e '\''s/^.*[	 ]\([BCDEGRST][BCDEGRST]*\)[	 ][	 ]*_\([_A-Za-z][_A-Za-z0-9]*\)$/\1 _\2 \2/p'\'' | sed '\''/ __gnu_lto/d'\'''
lt_cv_sys_global_symbol_to_c_name_address='sed -n -e '\''s/^: \(.*\) .*$/  {"\1", (void *) 0},/p'\'' -e '\''s/^[BCDEGRST][BCDEGRST]* .* \(.*\)$/  {"\1", (void *) \&\1},/p'\'''
lt_cv_sys_global_symbol_to_c_name_address_lib_prefix='sed -n -e '\''s/^: \(.*\) .*$/  {"\1", (void *) 0},/p'\'' -e '\''s/^[BCDEGRST][BCDEGRST]* .* \(lib.*\)$/  {"\1", (void *) \&\1},/p'\'' -e '\''s/^[BCDEGRST][BCDEGRST]* .* \(.*\)$/  {"lib\1", (void *) \&\1},/p'\'''
lt_cv_sys_global_symbol_to_cdecl='sed -n -e '\''s/^T .* \(.*\)$/extern int \1();/p'\'' -e '\''s/^[BCDEGRST][BCDEGRST]* .* \(.*\)$/extern char \1;/p'\'''
lt_cv_sys_global_symbol_to_import=
lt_cv_sys_max_cmd_len=196608
lt_cv_to_host_file_cmd=func_convert_file_noop
lt_cv_to_tool_file_cmd=func_convert_file_noop
lt_cv_truncate_bin='/bin/dd bs=4096 count=1'

## ----------------- ##
## Output variables. ##
## ----------------- ##

ACLOCAL='${SHELL} /Users/cmosnick07/Code/hpc-work/scottgs_lib/config/missing aclocal-1.15'
AMDEPBACKSLASH='\'
AMDEP_FALSE='#'
AMDEP_TRUE=''
AMTAR='$${TAR-tar}'
AM_BACKSLASH='\'
AM_CXXFLAGS='-Wall -Wextra -g -rdynamic'
AM_DEFAULT_V='$(AM_DEFAULT_VERBOSITY)'
AM_DEFAULT_VERBOSITY='1'
AM_V='$(V)'
AR='ar'
AUTOCONF='${SHELL} /Users/cmosnick07/Code/hpc-work/scottgs_lib/config/missing autoconf'
AUTOHEADER='${SHELL} /Users/cmosnick07/Code/hpc-work/scottgs_lib/config/missing autoheader'
AUTOMAKE='${SHELL} /Users/cmosnick07/Code/hpc-work/scottgs_lib/config/missing automake-1.15'
AWK='awk'
CC='gcc'
CCDEPMODE='depmode=gcc3'
CFLAGS='-g -O2'
CPP='gcc -E'
CPPFLAGS=''
CXX='g++'
CXXCPP='g++ -E'
CXXDEPMODE='depmode=gcc3'
CXXFLAGS='-g -O2'
CYGPATH_W='echo'
DEFS='-DPACKAGE_NAME=\"libscottgs\" -DPACKAGE_TARNAME=\"libscottgs\" -DPACKAGE_VERSION=\"0.0.0\" -DPACKAGE_STRING=\"libscottgs\ 0.0.0\" -DPACKAGE_BUGREPORT=\"GrantScott@missouri.edu\" -DPACKAGE_URL=\"\" -DPACKAGE=\"libscottgs\" -DVERSION=\"0.0.0\" -DSTDC_HEADERS=1 -DHAVE_SYS_TYPES_H=1 -DHAVE_SYS_STAT_H=1 -DHAVE_STDLIB_H=1 -DHAVE_STRING_H=1 -DHAVE_MEMORY_H=1 -DHAVE_STRINGS_H=1 -DHAVE_INTTYPES_H=1 -DHAVE_STDINT_H=1 -DHAVE_UNISTD_H=1 -DHAVE_DLFCN_H=1 -DLT_OBJDIR=\".libs/\" -DHAVE_LIBBOOST_FILESYSTEM_MT=1 -DHAVE_LIBBOOST_REGEX_MT=1'
DEPDIR='.deps'
DLLTOOL='false'
DSYMUTIL='dsymutil'
DUMPBIN=''
ECHO_C='\c'
ECHO_N=''
ECHO_T=''
EGREP='/usr/bin/grep -E'
EXEEXT=''
FGREP='/usr/bin/grep -F'
GREP='/usr/bin/grep'
INSTALL_DATA='${INSTALL} -m 644'
INSTALL_PROGRAM='${INSTALL}'
INSTALL_SCRIPT='${INSTALL}'
INSTALL_STRIP_PROGRAM='$(install_sh) -c -s'
LD='/Applications/Xcode.app/Contents/Developer/Toolchains/XcodeDefault.xctoolchain/usr/bin/ld'
LDFLAGS=''
LIBOBJS=''
LIBS='-lboost_regex-mt -lboost_filesystem-mt '
LIBTOOL='$(SHELL) $(top_builddir)/libtool'
LIPO='lipo'
LN_S='ln -s'
LTLIBOBJS=''
LT_SYS_LIBRARY_PATH=''
MAKEINFO='${SHELL} /Users/cmosnick07/Code/hpc-work/scottgs_lib/config/missing makeinfo'
MANIFEST_TOOL=':'
MKDIR_P='config/install-sh -c -d'
NM='/usr/bin/nm -B'
NMEDIT='nmedit'
OBJDUMP='false'
OBJEXT='o'
OTOOL64=':'
OTOOL='otool'
PACKAGE='libscottgs'
PACKAGE_BUGREPORT='GrantScott@missouri.edu'
PACKAGE_NAME='libscottgs'
PACKAGE_STRING='libscottgs 0.0.0'
PACKAGE_TARNAME='libscottgs'
PACKAGE_URL=''
PACKAGE_VERSION='0.0.0'
PATH_SEPARATOR=':'
RANLIB='ranlib'
SED='/usr/bin/sed'
SET_MAKE=''
SHELL='/bin/sh'
STRIP='strip'
VERSION='0.0.0'
ac_ct_AR='ar'
ac_ct_CC='gcc'
ac_ct_CXX='g++'
ac_ct_DUMPBIN=''
am__EXEEXT_FALSE=''
am__EXEEXT_TRUE='#'
am__fastdepCC_FALSE='#'
am__fastdepCC_TRUE=''
am__fastdepCXX_FALSE='#'
am__fastdepCXX_TRUE=''
am__include='include'
am__isrc=''
am__leading_dot='.'
am__nodep='_no'
am__quote=''
am__tar='$${TAR-tar} chof - "$$tardir"'
am__untar='$${TAR-tar} xf -'
bindir='${exec_prefix}/bin'
build='x86_64-apple-darwin15.0.0'
build_alias=''
build_cpu='x86_64'
build_os='darwin15.0.0'
build_vendor='apple'
datadir='${datarootdir}'
datarootdir='${prefix}/share'
docdir='${datarootdir}/doc/${PACKAGE_TARNAME}'
dvidir='${docdir}'
exec_prefix='${prefix}'
host='x86_64-apple-darwin15.0.0'
host_alias=''
host_cpu='x86_64'
host_os='darwin15.0.0'
host_vendor='apple'
htmldir='${docdir}'
includedir='${prefix}/include'
infodir='${datarootdir}/info'
install_sh='${SHELL} /Users/cmosnick07/Code/hpc-work/scottgs_lib/config/install-sh'
libdir='${exec_prefix}/lib'
libexecdir='${exec_prefix}/libexec'
localedir='${datarootdir}/locale'
localstatedir='${prefix}/var'
mandir='${datarootdir}/man'
mkdir_p='$(MKDIR_P)'
oldincludedir='/usr/include'
pdfdir='${docdir}'
prefix='/usr/local'
program_transform_name='s,x,x,'
psdir='${docdir}'
sbindir='${exec_prefix}/sbin'
sharedstatedir='${prefix}/com'
sysconfdir='${prefix}/etc'
target_alias=''

## ----------- ##
## confdefs.h. ##
## ----------- ##

/* confdefs.h */
#define PACKAGE_NAME "libscottgs"
#define PACKAGE_TARNAME "libscottgs"
#define PACKAGE_VERSION "0.0.0"
#define PACKAGE_STRING "libscottgs 0.0.0"
#define PACKAGE_BUGREPORT "GrantScott@missouri.edu"
#define PACKAGE_URL ""
#define PACKAGE "libscottgs"
#define VERSION "0.0.0"
#define STDC_HEADERS 1
#define HAVE_SYS_TYPES_H 1
#define HAVE_SYS_STAT_H 1
#define HAVE_STDLIB_H 1
#define HAVE_STRING_H 1
#define HAVE_MEMORY_H 1
#define HAVE_STRINGS_H 1
#define HAVE_INTTYPES_H 1
#define HAVE_STDINT_H 1
#define HAVE_UNISTD_H 1
#define HAVE_DLFCN_H 1
#define LT_OBJDIR ".libs/"
#define HAVE_LIBBOOST_FILESYSTEM_MT 1
#define HAVE_LIBBOOST_REGEX_MT 1

configure: exit 0
